[debug] [2025-08-05T01:40:03.000Z] ----------------------------------------------------------------------
[debug] [2025-08-05T01:40:03.002Z] Command:       C:\Users\dbkim\Downloads\nodejs\node.exe C:\Users\dbkim\Downloads\nodejs\node_modules\firebase-tools\lib\bin\firebase.js init functions
[debug] [2025-08-05T01:40:03.002Z] CLI Version:   14.11.1
[debug] [2025-08-05T01:40:03.002Z] Platform:      win32
[debug] [2025-08-05T01:40:03.002Z] Node Version:  v20.19.3
[debug] [2025-08-05T01:40:03.002Z] Time:          Tue Aug 05 2025 10:40:03 GMT+0900 (대한민국 표준시)
[debug] [2025-08-05T01:40:03.003Z] ----------------------------------------------------------------------
[debug] 
[debug] [2025-08-05T01:40:03.210Z] Object "/functions" in "firebase.json" has unknown property: {"additionalProperty":"region"}
[debug] [2025-08-05T01:40:03.211Z] Field "/functions" in "firebase.json" is possibly invalid: must be array
[debug] [2025-08-05T01:40:03.211Z] Field "/functions" in "firebase.json" is possibly invalid: must match a schema in anyOf
[debug] [2025-08-05T01:40:03.214Z] > command requires scopes: ["email","openid","https://www.googleapis.com/auth/cloudplatformprojects.readonly","https://www.googleapis.com/auth/firebase","https://www.googleapis.com/auth/cloud-platform"]
[debug] [2025-08-05T01:40:03.214Z] > authorizing via signed-in user (kihwangi4@gmail.com)
[debug] [2025-08-05T01:40:03.215Z] Object "/functions" in "firebase.json" has unknown property: {"additionalProperty":"region"}
[debug] [2025-08-05T01:40:03.215Z] Field "/functions" in "firebase.json" is possibly invalid: must be array
[debug] [2025-08-05T01:40:03.216Z] Field "/functions" in "firebase.json" is possibly invalid: must match a schema in anyOf
[info] 
     ######## #### ########  ######## ########     ###     ######  ########
     ##        ##  ##     ## ##       ##     ##  ##   ##  ##       ##
     ######    ##  ########  ######   ########  #########  ######  ######
     ##        ##  ##    ##  ##       ##     ## ##     ##       ## ##
     ##       #### ##     ## ######## ########  ##     ##  ######  ########

You're about to initialize a Firebase project in this directory:

  C:\Users\dbkim\OneDrive\Desktop\sermon-note-app

Before we get started, keep in mind:

  * You are initializing within an existing Firebase project directory

[info] 
=== Project Setup
[info] 
[info] First, let's associate this project directory with a Firebase project.
[info] You can create multiple project aliases by running firebase use --add, 
[info] but for now we'll just set up a default project.
[info] 
[debug] [2025-08-05T01:40:08.351Z] Using project from CLI flag: sermonnote-live
[debug] [2025-08-05T01:40:08.352Z] Checked if tokens are valid: true, expires at: 1754361494384
[debug] [2025-08-05T01:40:08.353Z] Checked if tokens are valid: true, expires at: 1754361494384
[debug] [2025-08-05T01:40:08.355Z] >>> [apiv2][query] GET https://firebase.googleapis.com/v1beta1/projects/sermonnote-live [none]
[debug] [2025-08-05T01:40:10.511Z] <<< [apiv2][status] GET https://firebase.googleapis.com/v1beta1/projects/sermonnote-live 200
[debug] [2025-08-05T01:40:10.511Z] <<< [apiv2][body] GET https://firebase.googleapis.com/v1beta1/projects/sermonnote-live {"projectId":"sermonnote-live","projectNumber":"520754190508","displayName":"sermonnote-live","name":"projects/sermonnote-live","resources":{"hostingSite":"sermonnote-live"},"state":"ACTIVE","etag":"1_c84cb77e-cbba-42ba-857c-15fb16dd4105"}
[info] i  Using project sermonnote-live (sermonnote-live) 
[info] 
=== Functions Setup
[debug] [2025-08-05T01:40:10.518Z] > command requires scopes: ["email","openid","https://www.googleapis.com/auth/cloudplatformprojects.readonly","https://www.googleapis.com/auth/firebase","https://www.googleapis.com/auth/cloud-platform"]
[debug] [2025-08-05T01:40:10.518Z] > authorizing via signed-in user (kihwangi4@gmail.com)
[debug] [2025-08-05T01:40:10.518Z] [iam] checking project sermonnote-live for permissions ["firebase.projects.get"]
[debug] [2025-08-05T01:40:10.519Z] Checked if tokens are valid: true, expires at: 1754361494384
[debug] [2025-08-05T01:40:10.519Z] Checked if tokens are valid: true, expires at: 1754361494384
[debug] [2025-08-05T01:40:10.519Z] >>> [apiv2][query] POST https://cloudresourcemanager.googleapis.com/v1/projects/sermonnote-live:testIamPermissions [none]
[debug] [2025-08-05T01:40:10.519Z] >>> [apiv2][(partial)header] POST https://cloudresourcemanager.googleapis.com/v1/projects/sermonnote-live:testIamPermissions x-goog-quota-user=projects/sermonnote-live
[debug] [2025-08-05T01:40:10.519Z] >>> [apiv2][body] POST https://cloudresourcemanager.googleapis.com/v1/projects/sermonnote-live:testIamPermissions {"permissions":["firebase.projects.get"]}
[debug] [2025-08-05T01:40:11.104Z] <<< [apiv2][status] POST https://cloudresourcemanager.googleapis.com/v1/projects/sermonnote-live:testIamPermissions 200
[debug] [2025-08-05T01:40:11.104Z] <<< [apiv2][body] POST https://cloudresourcemanager.googleapis.com/v1/projects/sermonnote-live:testIamPermissions {"permissions":["firebase.projects.get"]}
[info] 
Detected existing codebase(s): default

[info] Let's create a new codebase for your functions.
[info] A directory corresponding to the codebase will be created in your project
[info] with sample code pre-configured.

[info] See https://firebase.google.com/docs/functions/organize-functions for
[info] more information on organizing your functions using codebases.

[info] Functions can be deployed with firebase deploy.

[error] functions.codebase must be unique but 'default' was used more than once.
[error] Invalid codebase name. Codebase must be less than 64 characters and can contain only lowercase letters, numeric characters, underscores, and dashes.
[debug] [2025-08-05T01:43:11.336Z] ExitPromptError: User force closed the prompt with SIGINT
    at Interface.sigint (C:\Users\dbkim\AppData\Local\nvm\v20.19.3\node_modules\firebase-tools\node_modules\@inquirer\core\dist\commonjs\lib\create-prompt.js:101:37)
    at Interface.emit (node:events:524:28)
    at Interface.emit (node:domain:489:12)
    at [_ttyWrite] [as _ttyWrite] (node:internal/readline/interface:1125:18)
    at ReadStream.onkeypress (node:internal/readline/interface:264:20)
    at ReadStream.emit (node:events:536:35)
    at ReadStream.emit (node:domain:489:12)
    at emitKeys (node:internal/readline/utils:371:14)
    at emitKeys.next (<anonymous>)
    at ReadStream.onData (node:internal/readline/emitKeypressEvents:64:36)
[error] 
[error] Error: An unexpected error has occurred.
